TN:
SF:src/App.svelte
FNF:0
FNH:0
LF:0
LH:0
BRF:0
BRH:0
end_of_record
TN:
SF:src/athletes/AthleteSearch.svelte
FN:73,(anonymous_0)
FN:149,(anonymous_1)
FNF:2
FNH:0
FNDA:0,(anonymous_0)
FNDA:0,(anonymous_1)
DA:9,0
DA:10,0
DA:11,0
DA:12,0
DA:13,0
DA:15,0
DA:23,0
DA:25,0
DA:29,0
DA:31,0
DA:34,0
DA:37,0
DA:46,0
DA:48,0
DA:50,0
DA:53,0
DA:55,0
DA:57,0
DA:60,0
DA:69,0
DA:71,0
DA:74,0
DA:77,0
DA:78,0
DA:89,0
DA:99,0
DA:104,0
DA:107,0
DA:108,0
DA:110,0
DA:111,0
DA:114,0
DA:119,0
DA:120,0
DA:122,0
DA:123,0
DA:128,0
DA:130,0
DA:131,0
DA:134,0
DA:136,0
DA:146,0
DA:147,0
DA:150,0
DA:153,0
DA:155,0
DA:163,0
DA:173,0
DA:182,0
DA:187,0
DA:189,0
DA:191,0
DA:195,0
DA:198,0
DA:200,0
LF:55
LH:0
BRDA:89,0,0,0
BRDA:89,0,1,0
BRDA:172,1,0,0
BRDA:172,1,1,0
BRDA:218,2,0,0
BRDA:218,2,1,0
BRDA:224,3,0,0
BRDA:224,3,1,NaN
BRDA:224,4,0,0
BRDA:224,4,1,0
BRDA:226,5,0,0
BRDA:226,5,1,NaN
BRDA:233,6,0,0
BRDA:233,6,1,0
BRDA:234,7,0,0
BRDA:234,7,1,0
BRDA:235,8,0,0
BRDA:235,8,1,0
BRDA:252,9,0,0
BRDA:252,9,1,0
BRDA:263,10,0,0
BRDA:263,10,1,0
BRDA:264,11,0,0
BRDA:264,11,1,0
BRF:24
BRH:0
end_of_record
TN:
SF:src/athletes/athletesStore.js
FN:29,getNextColor
FN:45,releaseColor
FN:58,createAthleteStore
FN:66,(anonymous_3)
FN:69,(anonymous_4)
FN:70,(anonymous_5)
FN:71,(anonymous_6)
FN:81,(anonymous_7)
FN:82,(anonymous_8)
FN:83,(anonymous_9)
FN:87,(anonymous_10)
FN:92,(anonymous_11)
FN:93,(anonymous_12)
FN:93,(anonymous_13)
FN:97,(anonymous_14)
FN:98,(anonymous_15)
FN:98,(anonymous_16)
FN:101,(anonymous_17)
FN:102,(anonymous_18)
FN:102,(anonymous_19)
FN:106,(anonymous_20)
FN:107,(anonymous_21)
FN:107,(anonymous_22)
FN:110,(anonymous_23)
FN:112,(anonymous_24)
FN:113,(anonymous_25)
FN:123,(anonymous_26)
FNF:27
FNH:27
FNDA:37,getNextColor
FNDA:2,releaseColor
FNDA:1,createAthleteStore
FNDA:2,(anonymous_3)
FNDA:38,(anonymous_4)
FNDA:38,(anonymous_5)
FNDA:62,(anonymous_6)
FNDA:3,(anonymous_7)
FNDA:3,(anonymous_8)
FNDA:3,(anonymous_9)
FNDA:4,(anonymous_10)
FNDA:3,(anonymous_11)
FNDA:3,(anonymous_12)
FNDA:4,(anonymous_13)
FNDA:2,(anonymous_14)
FNDA:2,(anonymous_15)
FNDA:2,(anonymous_16)
FNDA:1,(anonymous_17)
FNDA:1,(anonymous_18)
FNDA:2,(anonymous_19)
FNDA:4,(anonymous_20)
FNDA:4,(anonymous_21)
FNDA:5,(anonymous_22)
FNDA:3,(anonymous_23)
FNDA:3,(anonymous_24)
FNDA:2,(anonymous_25)
FNDA:24,(anonymous_26)
DA:8,1
DA:21,1
DA:22,1
DA:30,37
DA:31,37
DA:33,1
DA:34,1
DA:36,37
DA:37,37
DA:38,37
DA:46,2
DA:47,2
DA:48,2
DA:49,2
DA:59,1
DA:61,1
DA:66,2
DA:70,38
DA:71,62
DA:73,1
DA:75,37
DA:76,37
DA:82,3
DA:83,3
DA:84,3
DA:85,2
DA:87,4
DA:93,4
DA:98,2
DA:102,2
DA:107,5
DA:111,3
DA:112,3
DA:113,3
DA:114,3
DA:115,2
DA:117,3
DA:119,3
DA:124,24
DA:125,24
DA:131,1
LF:41
LH:41
BRDA:22,0,0,1
BRDA:22,0,1,1
BRDA:31,1,0,1
BRDA:31,1,1,36
BRDA:47,2,0,2
BRDA:47,2,1,0
BRDA:71,3,0,1
BRDA:71,3,1,37
BRDA:84,4,0,2
BRDA:84,4,1,1
BRDA:93,5,0,3
BRDA:93,5,1,1
BRDA:98,6,0,2
BRDA:98,6,1,0
BRDA:107,7,0,4
BRDA:107,7,1,1
BRDA:114,8,0,2
BRDA:114,8,1,1
BRF:18
BRH:16
end_of_record
TN:
SF:src/paceTable/PaceTable.svelte
FN:30,(anonymous_0)
FN:104,(anonymous_1)
FN:105,(anonymous_2)
FN:107,(anonymous_3)
FN:200,(anonymous_4)
FN:238,(anonymous_5)
FN:243,(anonymous_6)
FN:274,(anonymous_7)
FN:282,(anonymous_8)
FN:290,(anonymous_9)
FN:343,(anonymous_10)
FNF:11
FNH:0
FNDA:0,(anonymous_0)
FNDA:0,(anonymous_1)
FNDA:0,(anonymous_2)
FNDA:0,(anonymous_3)
FNDA:0,(anonymous_4)
FNDA:0,(anonymous_5)
FNDA:0,(anonymous_6)
FNDA:0,(anonymous_7)
FNDA:0,(anonymous_8)
FNDA:0,(anonymous_9)
FNDA:0,(anonymous_10)
DA:24,0
DA:25,0
DA:26,0
DA:27,0
DA:28,0
DA:29,0
DA:30,0
DA:33,0
DA:34,0
DA:47,0
DA:48,0
DA:51,0
DA:63,0
DA:66,0
DA:70,0
DA:81,0
DA:85,0
DA:101,0
DA:103,0
DA:104,0
DA:105,0
DA:107,0
DA:110,0
DA:113,0
DA:115,0
DA:126,0
DA:131,0
DA:142,0
DA:143,0
DA:144,0
DA:154,0
DA:155,0
DA:156,0
DA:167,0
DA:168,0
DA:169,0
DA:170,0
DA:172,0
DA:183,0
DA:184,0
DA:185,0
DA:186,0
DA:189,0
DA:194,0
DA:199,0
DA:201,0
DA:205,0
DA:207,0
DA:209,0
DA:213,0
DA:216,0
DA:217,0
DA:222,0
DA:223,0
DA:224,0
DA:225,0
DA:226,0
DA:229,0
DA:230,0
DA:231,0
DA:232,0
DA:233,0
DA:238,0
DA:239,0
DA:243,0
DA:248,0
DA:249,0
DA:250,0
DA:252,0
DA:253,0
DA:254,0
DA:255,0
DA:259,0
DA:283,0
DA:291,0
DA:322,0
DA:380,0
LF:77
LH:0
BRDA:65,0,0,0
BRDA:65,0,1,0
BRDA:66,1,0,0
BRDA:66,1,1,0
BRDA:69,2,0,0
BRDA:69,2,1,0
BRDA:70,3,0,0
BRDA:70,3,1,0
BRDA:104,4,0,0
BRDA:104,4,1,0
BRDA:142,5,0,0
BRDA:142,5,1,0
BRDA:154,6,0,0
BRDA:154,6,1,0
BRDA:167,7,0,0
BRDA:167,7,1,0
BRDA:172,8,0,0
BRDA:172,8,1,0
BRDA:191,9,0,0
BRDA:191,9,1,0
BRDA:242,10,0,0
BRDA:242,10,1,0
BRDA:246,11,0,0
BRDA:246,11,1,0
BRDA:246,11,2,0
BRDA:319,12,0,0
BRDA:319,12,1,NaN
BRDA:328,13,0,0
BRDA:328,13,1,0
BRDA:338,14,0,0
BRDA:338,14,1,0
BRDA:345,15,0,0
BRDA:345,15,1,0
BRDA:369,16,0,0
BRDA:369,16,1,0
BRDA:370,17,0,0
BRDA:370,17,1,0
BRDA:372,18,0,0
BRDA:372,18,1,0
BRDA:373,19,0,0
BRDA:373,19,1,0
BRDA:377,20,0,0
BRDA:377,20,1,NaN
BRDA:377,21,0,0
BRDA:377,21,1,0
BRDA:378,22,0,0
BRDA:378,22,1,NaN
BRDA:378,23,0,0
BRDA:378,23,1,0
BRDA:379,24,0,0
BRDA:379,24,1,0
BRF:51
BRH:0
end_of_record
TN:
SF:src/paceTable/paceTableStore.js
FN:24,loadCustom
FN:31,saveCustom
FN:39,persist
FN:40,(anonymous_3)
FN:43,(anonymous_4)
FN:52,addDistance
FN:56,(anonymous_6)
FN:58,(anonymous_7)
FN:64,removeDistance
FN:67,(anonymous_9)
FN:68,(anonymous_10)
FN:68,(anonymous_11)
FNF:12
FNH:12
FNDA:1,loadCustom
FNDA:23,saveCustom
FNDA:23,persist
FNDA:404,(anonymous_3)
FNDA:15,(anonymous_4)
FNDA:17,addDistance
FNDA:11,(anonymous_6)
FNDA:107,(anonymous_7)
FNDA:4,removeDistance
FNDA:3,(anonymous_9)
FNDA:54,(anonymous_10)
FNDA:48,(anonymous_11)
DA:17,1
DA:18,1
DA:19,1
DA:25,1
DA:26,1
DA:28,0
DA:32,23
DA:40,404
DA:43,15
DA:47,1
DA:53,17
DA:54,17
DA:56,11
DA:57,11
DA:58,107
DA:59,5
DA:60,5
DA:65,4
DA:67,3
DA:68,54
DA:69,3
DA:70,3
LF:22
LH:21
BRDA:26,0,0,1
BRDA:26,0,1,1
BRDA:54,1,0,6
BRDA:54,1,1,11
BRDA:54,2,0,17
BRDA:54,2,1,16
BRDA:54,2,2,14
BRDA:54,2,3,13
BRDA:57,3,0,6
BRDA:57,3,1,5
BRDA:65,4,0,1
BRDA:65,4,1,3
BRF:12
BRH:12
end_of_record
TN:
SF:src/paceTable/vmaStore.js
FNF:0
FNH:0
DA:4,1
DA:5,1
LF:2
LH:2
BRF:0
BRH:0
end_of_record
TN:
SF:src/utils/constants.js
FNF:0
FNH:0
DA:2,2
DA:3,2
DA:4,2
DA:5,2
DA:8,2
DA:13,2
LF:6
LH:6
BRF:0
BRH:0
end_of_record
TN:
SF:src/utils/flagsUtils.js
FN:260,flagIso3ToIso2
FNF:1
FNH:1
FNDA:42,flagIso3ToIso2
DA:1,1
DA:261,42
DA:262,36
DA:264,6
LF:4
LH:4
BRDA:261,0,0,36
BRDA:261,0,1,6
BRF:2
BRH:2
end_of_record
TN:
SF:src/utils/storeUtils.js
FN:9,initStoreFromLocalStorage
FN:24,(anonymous_1)
FN:37,setupStore
FNF:3
FNH:3
FNDA:18,initStoreFromLocalStorage
FNDA:25,(anonymous_1)
FNDA:3,setupStore
DA:10,18
DA:12,18
DA:13,8
DA:14,2
DA:15,6
DA:16,6
DA:19,10
DA:22,18
DA:24,18
DA:25,25
DA:38,3
DA:39,3
LF:12
LH:12
BRDA:12,0,0,8
BRDA:12,0,1,10
BRDA:13,1,0,2
BRDA:13,1,1,6
BRDA:15,2,0,6
BRDA:15,2,1,0
BRF:6
BRH:5
end_of_record
TN:
SF:src/utils/timeUtils.js
FN:10,formatTime
FN:39,formatPace
FN:51,formatSpeed
FNF:3
FNH:3
FNDA:20,formatTime
FNDA:12,formatPace
FNDA:11,formatSpeed
DA:11,20
DA:12,20
DA:13,20
DA:14,20
DA:16,20
DA:17,20
DA:18,9
DA:20,20
DA:21,13
DA:23,20
DA:25,20
DA:26,7
DA:29,20
DA:40,12
DA:41,12
DA:42,12
DA:52,11
LF:17
LH:17
BRDA:17,0,0,9
BRDA:17,0,1,11
BRDA:20,1,0,13
BRDA:20,1,1,7
BRDA:20,2,0,20
BRDA:20,2,1,11
BRDA:21,3,0,9
BRDA:21,3,1,4
BRDA:25,4,0,7
BRDA:25,4,1,13
BRF:10
BRH:10
end_of_record
TN:
SF:src/worldRecords/WorldRecords.svelte
FNF:0
FNH:0
DA:10,0
DA:12,0
DA:14,0
DA:16,0
DA:19,0
DA:21,0
DA:26,0
DA:30,0
DA:33,0
DA:40,0
LF:10
LH:0
BRDA:46,0,0,0
BRDA:46,0,1,0
BRF:2
BRH:0
end_of_record
TN:
SF:src/worldRecords/worldRecordsStore.js
FNF:0
FNH:0
DA:4,1
DA:5,1
DA:6,1
LF:3
LH:3
BRF:0
BRH:0
end_of_record
